  runtracker.cpp
e:\opencv3.1.0\opencv\build\include\opencv2\core\mat.hpp(1965): warning C4819: 该文件包含不能在当前代码页(936)中表示的字符。请将该文件保存为 Unicode 格式以防止数据丢失
e:\opencv3.1.0\opencv\build\include\opencv2\core\persistence.hpp : warning C4819: 该文件包含不能在当前代码页(936)中表示的字符。请将该文件保存为 Unicode 格式以防止数据丢失
e:\opencv3.1.0\opencv\build\include\opencv2\core\utility.hpp : warning C4819: 该文件包含不能在当前代码页(936)中表示的字符。请将该文件保存为 Unicode 格式以防止数据丢失
e:\opencv3.1.0\opencv\build\include\opencv2\core\utility.hpp : warning C4819: 该文件包含不能在当前代码页(936)中表示的字符。请将该文件保存为 Unicode 格式以防止数据丢失
  kcftracker.cpp
e:\opencv3.1.0\opencv\build\include\opencv2\core\mat.hpp(1965): warning C4819: 该文件包含不能在当前代码页(936)中表示的字符。请将该文件保存为 Unicode 格式以防止数据丢失
e:\opencv3.1.0\opencv\build\include\opencv2\core\persistence.hpp : warning C4819: 该文件包含不能在当前代码页(936)中表示的字符。请将该文件保存为 Unicode 格式以防止数据丢失
e:\opencv3.1.0\opencv\build\include\opencv2\core\utility.hpp : warning C4819: 该文件包含不能在当前代码页(936)中表示的字符。请将该文件保存为 Unicode 格式以防止数据丢失
e:\opencv3.1.0\opencv\build\include\opencv2\core\utility.hpp : warning C4819: 该文件包含不能在当前代码页(936)中表示的字符。请将该文件保存为 Unicode 格式以防止数据丢失
g:\综合\工作\比赛\robomasters\opencv\kcf\kcf\labdata.hpp(17): warning C4838: 从“double”转换到“float”需要收缩转换
g:\综合\工作\比赛\robomasters\opencv\kcf\kcf\labdata.hpp(17): warning C4305: “初始化”: 从“double”到“float”截断
g:\综合\工作\比赛\robomasters\opencv\kcf\kcf\kcftracker.cpp(98): warning C4305: “=”: 从“double”到“float”截断
g:\综合\工作\比赛\robomasters\opencv\kcf\kcf\kcftracker.cpp(106): warning C4305: “=”: 从“double”到“float”截断
g:\综合\工作\比赛\robomasters\opencv\kcf\kcf\kcftracker.cpp(107): warning C4305: “=”: 从“double”到“float”截断
g:\综合\工作\比赛\robomasters\opencv\kcf\kcf\kcftracker.cpp(115): warning C4305: “=”: 从“double”到“float”截断
g:\综合\工作\比赛\robomasters\opencv\kcf\kcf\kcftracker.cpp(116): warning C4305: “=”: 从“double”到“float”截断
g:\综合\工作\比赛\robomasters\opencv\kcf\kcf\kcftracker.cpp(118): warning C4305: “=”: 从“double”到“float”截断
g:\综合\工作\比赛\robomasters\opencv\kcf\kcf\kcftracker.cpp(129): warning C4305: “=”: 从“double”到“float”截断
g:\综合\工作\比赛\robomasters\opencv\kcf\kcf\kcftracker.cpp(130): warning C4305: “=”: 从“double”到“float”截断
g:\综合\工作\比赛\robomasters\opencv\kcf\kcf\kcftracker.cpp(144): warning C4305: “=”: 从“double”到“float”截断
g:\综合\工作\比赛\robomasters\opencv\kcf\kcf\kcftracker.cpp(145): warning C4305: “=”: 从“double”到“float”截断
g:\综合\工作\比赛\robomasters\opencv\kcf\kcf\kcftracker.cpp(179): warning C4244: “=”: 从“int”转换到“float”，可能丢失数据
g:\综合\工作\比赛\robomasters\opencv\kcf\kcf\kcftracker.cpp(180): warning C4244: “=”: 从“int”转换到“float”，可能丢失数据
g:\综合\工作\比赛\robomasters\opencv\kcf\kcf\kcftracker.cpp(218): warning C4244: “=”: 从“int”转换到“float”，可能丢失数据
g:\综合\工作\比赛\robomasters\opencv\kcf\kcf\kcftracker.cpp(219): warning C4244: “=”: 从“int”转换到“float”，可能丢失数据
g:\综合\工作\比赛\robomasters\opencv\kcf\kcf\kcftracker.cpp(331): warning C4244: “初始化”: 从“double”转换到“float”，可能丢失数据
g:\综合\工作\比赛\robomasters\opencv\kcf\kcf\kcftracker.cpp(352): warning C4244: “初始化”: 从“float”转换到“int”，可能丢失数据
g:\综合\工作\比赛\robomasters\opencv\kcf\kcf\kcftracker.cpp(353): warning C4244: “初始化”: 从“float”转换到“int”，可能丢失数据
g:\综合\工作\比赛\robomasters\opencv\kcf\kcf\kcftracker.cpp(361): warning C4244: “=”: 从“float”转换到“int”，可能丢失数据
g:\综合\工作\比赛\robomasters\opencv\kcf\kcf\kcftracker.cpp(362): warning C4244: “=”: 从“float”转换到“int”，可能丢失数据
g:\综合\工作\比赛\robomasters\opencv\kcf\kcf\kcftracker.cpp(392): warning C4244: “=”: 从“float”转换到“int”，可能丢失数据
g:\综合\工作\比赛\robomasters\opencv\kcf\kcf\kcftracker.cpp(393): warning C4244: “=”: 从“float”转换到“int”，可能丢失数据
g:\综合\工作\比赛\robomasters\opencv\kcf\kcf\kcftracker.cpp(396): warning C4244: “=”: 从“float”转换到“int”，可能丢失数据
g:\综合\工作\比赛\robomasters\opencv\kcf\kcf\kcftracker.cpp(397): warning C4244: “=”: 从“float”转换到“int”，可能丢失数据
g:\综合\工作\比赛\robomasters\opencv\kcf\kcf\kcftracker.cpp(456): warning C4244: “+=”: 从“double”转换到“float”，可能丢失数据
g:\综合\工作\比赛\robomasters\opencv\kcf\kcf\kcftracker.cpp(490): warning C4244: “=”: 从“double”转换到“float”，可能丢失数据
g:\综合\工作\比赛\robomasters\opencv\kcf\kcf\kcftracker.cpp(492): warning C4244: “=”: 从“double”转换到“float”，可能丢失数据
g:\综合\工作\比赛\robomasters\opencv\kcf\kcf\kcftracker.cpp(520): warning C4244: “return”: 从“double”转换到“float”，可能丢失数据
  fhog.cpp
e:\opencv3.1.0\opencv\build\include\opencv2\core\mat.hpp(1965): warning C4819: 该文件包含不能在当前代码页(936)中表示的字符。请将该文件保存为 Unicode 格式以防止数据丢失
e:\opencv3.1.0\opencv\build\include\opencv2\core\persistence.hpp : warning C4819: 该文件包含不能在当前代码页(936)中表示的字符。请将该文件保存为 Unicode 格式以防止数据丢失
e:\opencv3.1.0\opencv\build\include\opencv2\core\utility.hpp : warning C4819: 该文件包含不能在当前代码页(936)中表示的字符。请将该文件保存为 Unicode 格式以防止数据丢失
  正在生成代码...
  KCF.vcxproj -> G:\综合\工作\比赛\robomasters\opencv\KCF\x64\Debug\KCF.exe
  KCF.vcxproj -> G:\综合\工作\比赛\robomasters\opencv\KCF\x64\Debug\KCF.pdb (Full PDB)
